0 verbose cli /usr/local/bin/node /usr/local/bin/npm
1 info using npm@11.12.1
2 info using node@v24.14.0
3 silly config load:file:/usr/local/lib/node_modules/npm/npmrc
4 silly config load:file:/Users/leonard/workspace/workspace_move/reading-app-rn/.npmrc
5 silly config load:file:/Users/leonard/.npmrc
6 silly config load:file:/usr/local/etc/npmrc
7 verbose title npm install axios zustand i18next react-i18next
8 verbose argv "install" "axios" "zustand" "i18next" "react-i18next" "--cache" ".npm-cache"
9 verbose logfile logs-max:10 dir:/Users/leonard/workspace/workspace_move/reading-app-rn/.npm-cache/_logs/2026-04-02T09_16_22_172Z-
10 verbose logfile /Users/leonard/workspace/workspace_move/reading-app-rn/.npm-cache/_logs/2026-04-02T09_16_22_172Z-debug-0.log
11 silly logfile done cleaning log files
12 silly packumentCache heap:4496293888 maxSize:1124073472 maxEntrySize:562036736
13 verbose shrinkwrap failed to load node_modules/.package-lock.json out of date, updated: node_modules
14 silly idealTree buildDeps
15 silly fetch manifest axios@*
16 silly packumentCache full:https://registry.npmjs.org/axios cache-miss
17 http fetch GET 200 https://registry.npmjs.org/axios 275ms (cache miss)
18 silly packumentCache full:https://registry.npmjs.org/axios set size:undefined disposed:false
19 silly fetch manifest zustand@*
20 silly packumentCache full:https://registry.npmjs.org/zustand cache-miss
21 http fetch GET 200 https://registry.npmjs.org/zustand 80ms (cache miss)
22 silly packumentCache full:https://registry.npmjs.org/zustand set size:undefined disposed:false
23 silly fetch manifest @types/react@~19.2.2
24 silly packumentCache full:https://registry.npmjs.org/@types%2freact cache-miss
25 http fetch GET 200 https://registry.npmjs.org/@types%2freact 122ms (cache miss)
26 silly packumentCache full:https://registry.npmjs.org/@types%2freact set size:undefined disposed:false
27 silly fetch manifest immer@>=9.0.6
28 silly packumentCache full:https://registry.npmjs.org/immer cache-miss
29 http fetch GET 200 https://registry.npmjs.org/immer 64ms (cache miss)
30 silly packumentCache full:https://registry.npmjs.org/immer set size:undefined disposed:false
31 silly fetch manifest react@19.2.0
32 silly packumentCache full:https://registry.npmjs.org/react cache-miss
33 http fetch GET 200 https://registry.npmjs.org/react 1097ms (cache miss)
34 silly packumentCache full:https://registry.npmjs.org/react set size:undefined disposed:false
35 silly fetch manifest use-sync-external-store@>=1.2.0
36 silly packumentCache full:https://registry.npmjs.org/use-sync-external-store cache-miss
37 http fetch GET 200 https://registry.npmjs.org/use-sync-external-store 1028ms (cache miss)
38 silly packumentCache full:https://registry.npmjs.org/use-sync-external-store set size:undefined disposed:false
39 silly fetch manifest i18next@*
40 silly packumentCache full:https://registry.npmjs.org/i18next cache-miss
41 http fetch GET 200 https://registry.npmjs.org/i18next 82ms (cache miss)
42 silly packumentCache full:https://registry.npmjs.org/i18next set size:undefined disposed:false
43 silly fetch manifest typescript@~5.9.2
44 silly packumentCache full:https://registry.npmjs.org/typescript cache-miss
45 http fetch GET 200 https://registry.npmjs.org/typescript 1998ms (cache miss)
46 silly packumentCache full:https://registry.npmjs.org/typescript set size:undefined disposed:false
47 silly fetch manifest react-i18next@*
48 silly packumentCache full:https://registry.npmjs.org/react-i18next cache-miss
49 http fetch GET 200 https://registry.npmjs.org/react-i18next 167ms (cache miss)
50 silly packumentCache full:https://registry.npmjs.org/react-i18next set size:undefined disposed:false
51 silly placeDep ROOT axios@1.14.0 OK for: my-app@1.0.0 want: *
52 silly placeDep ROOT i18next@26.0.3 OK for: my-app@1.0.0 want: *
53 silly placeDep ROOT react-i18next@17.0.2 OK for: my-app@1.0.0 want: *
54 silly placeDep ROOT zustand@5.0.12 OK for: my-app@1.0.0 want: *
55 silly fetch manifest form-data@^4.0.5
56 silly packumentCache full:https://registry.npmjs.org/form-data cache-miss
57 silly fetch manifest proxy-from-env@^2.1.0
58 silly packumentCache full:https://registry.npmjs.org/proxy-from-env cache-miss
59 silly fetch manifest follow-redirects@^1.15.11
60 silly packumentCache full:https://registry.npmjs.org/follow-redirects cache-miss
61 silly fetch manifest html-parse-stringify@^3.0.1
62 silly packumentCache full:https://registry.npmjs.org/html-parse-stringify cache-miss
63 http fetch GET 200 https://registry.npmjs.org/form-data 75ms (cache miss)
64 silly packumentCache full:https://registry.npmjs.org/form-data set size:undefined disposed:false
65 http fetch GET 200 https://registry.npmjs.org/proxy-from-env 145ms (cache miss)
66 silly packumentCache full:https://registry.npmjs.org/proxy-from-env set size:undefined disposed:false
67 http fetch GET 200 https://registry.npmjs.org/follow-redirects 156ms (cache miss)
68 silly packumentCache full:https://registry.npmjs.org/follow-redirects set size:undefined disposed:false
69 http fetch GET 200 https://registry.npmjs.org/html-parse-stringify 160ms (cache miss)
70 silly packumentCache full:https://registry.npmjs.org/html-parse-stringify set size:undefined disposed:false
71 silly placeDep ROOT follow-redirects@1.15.11 OK for: axios@1.14.0 want: ^1.15.11
72 silly placeDep ROOT form-data@4.0.5 OK for: axios@1.14.0 want: ^4.0.5
73 silly placeDep ROOT proxy-from-env@2.1.0 OK for: axios@1.14.0 want: ^2.1.0
74 silly fetch manifest asynckit@^0.4.0
75 silly packumentCache full:https://registry.npmjs.org/asynckit cache-miss
76 silly fetch manifest combined-stream@^1.0.8
77 silly packumentCache full:https://registry.npmjs.org/combined-stream cache-miss
78 silly fetch manifest es-set-tostringtag@^2.1.0
79 silly packumentCache full:https://registry.npmjs.org/es-set-tostringtag cache-miss
80 http fetch GET 200 https://registry.npmjs.org/es-set-tostringtag 49ms (cache miss)
81 silly packumentCache full:https://registry.npmjs.org/es-set-tostringtag set size:undefined disposed:false
82 http fetch GET 200 https://registry.npmjs.org/combined-stream 50ms (cache miss)
83 silly packumentCache full:https://registry.npmjs.org/combined-stream set size:undefined disposed:false
84 http fetch GET 200 https://registry.npmjs.org/asynckit 66ms (cache miss)
85 silly packumentCache full:https://registry.npmjs.org/asynckit set size:undefined disposed:false
86 silly placeDep ROOT asynckit@0.4.0 OK for: form-data@4.0.5 want: ^0.4.0
87 silly placeDep ROOT combined-stream@1.0.8 OK for: form-data@4.0.5 want: ^1.0.8
88 silly placeDep ROOT es-set-tostringtag@2.1.0 OK for: form-data@4.0.5 want: ^2.1.0
89 silly fetch manifest delayed-stream@~1.0.0
90 silly packumentCache full:https://registry.npmjs.org/delayed-stream cache-miss
91 silly fetch manifest es-errors@^1.3.0
92 silly packumentCache full:https://registry.npmjs.org/es-errors cache-miss
93 silly fetch manifest get-intrinsic@^1.2.6
94 silly packumentCache full:https://registry.npmjs.org/get-intrinsic cache-miss
95 silly fetch manifest has-tostringtag@^1.0.2
96 silly packumentCache full:https://registry.npmjs.org/has-tostringtag cache-miss
97 http fetch GET 200 https://registry.npmjs.org/get-intrinsic 47ms (cache miss)
98 silly packumentCache full:https://registry.npmjs.org/get-intrinsic set size:undefined disposed:false
99 http fetch GET 200 https://registry.npmjs.org/es-errors 50ms (cache miss)
100 silly packumentCache full:https://registry.npmjs.org/es-errors set size:undefined disposed:false
101 http fetch GET 200 https://registry.npmjs.org/delayed-stream 52ms (cache miss)
102 silly packumentCache full:https://registry.npmjs.org/delayed-stream set size:undefined disposed:false
103 http fetch GET 200 https://registry.npmjs.org/has-tostringtag 59ms (cache miss)
104 silly packumentCache full:https://registry.npmjs.org/has-tostringtag set size:undefined disposed:false
105 silly placeDep ROOT delayed-stream@1.0.0 OK for: combined-stream@1.0.8 want: ~1.0.0
106 silly placeDep ROOT es-errors@1.3.0 OK for: es-set-tostringtag@2.1.0 want: ^1.3.0
107 silly placeDep ROOT get-intrinsic@1.3.0 OK for: es-set-tostringtag@2.1.0 want: ^1.2.6
108 silly placeDep ROOT has-tostringtag@1.0.2 OK for: es-set-tostringtag@2.1.0 want: ^1.0.2
109 silly fetch manifest gopd@^1.2.0
110 silly packumentCache full:https://registry.npmjs.org/gopd cache-miss
111 silly fetch manifest get-proto@^1.0.1
112 silly packumentCache full:https://registry.npmjs.org/get-proto cache-miss
113 silly fetch manifest has-symbols@^1.1.0
114 silly packumentCache full:https://registry.npmjs.org/has-symbols cache-miss
115 silly fetch manifest es-object-atoms@^1.1.1
116 silly packumentCache full:https://registry.npmjs.org/es-object-atoms cache-miss
117 silly fetch manifest math-intrinsics@^1.1.0
118 silly packumentCache full:https://registry.npmjs.org/math-intrinsics cache-miss
119 silly fetch manifest es-define-property@^1.0.1
120 silly packumentCache full:https://registry.npmjs.org/es-define-property cache-miss
121 silly fetch manifest call-bind-apply-helpers@^1.0.2
122 silly packumentCache full:https://registry.npmjs.org/call-bind-apply-helpers cache-miss
123 silly fetch manifest has-symbols@^1.0.3
124 silly packumentCache full:https://registry.npmjs.org/has-symbols cache-miss
125 http fetch GET 200 https://registry.npmjs.org/gopd 49ms (cache miss)
126 silly packumentCache full:https://registry.npmjs.org/gopd set size:undefined disposed:false
127 http fetch GET 200 https://registry.npmjs.org/has-symbols 57ms (cache miss)
128 silly packumentCache full:https://registry.npmjs.org/has-symbols set size:undefined disposed:false
129 http fetch GET 200 https://registry.npmjs.org/es-object-atoms 64ms (cache miss)
130 silly packumentCache full:https://registry.npmjs.org/es-object-atoms set size:undefined disposed:false
131 http fetch GET 200 https://registry.npmjs.org/call-bind-apply-helpers 147ms (cache miss)
132 silly packumentCache full:https://registry.npmjs.org/call-bind-apply-helpers set size:undefined disposed:false
133 http fetch GET 200 https://registry.npmjs.org/es-define-property 151ms (cache miss)
134 silly packumentCache full:https://registry.npmjs.org/es-define-property set size:undefined disposed:false
135 http fetch GET 200 https://registry.npmjs.org/has-symbols 155ms (cache miss)
136 silly packumentCache full:https://registry.npmjs.org/has-symbols set size:undefined disposed:false
137 http fetch GET 200 https://registry.npmjs.org/math-intrinsics 161ms (cache miss)
138 silly packumentCache full:https://registry.npmjs.org/math-intrinsics set size:undefined disposed:false
139 http fetch GET 200 https://registry.npmjs.org/get-proto 202ms (cache miss)
140 silly packumentCache full:https://registry.npmjs.org/get-proto set size:undefined disposed:false
141 silly placeDep ROOT call-bind-apply-helpers@1.0.2 OK for: get-intrinsic@1.3.0 want: ^1.0.2
142 silly placeDep ROOT es-define-property@1.0.1 OK for: get-intrinsic@1.3.0 want: ^1.0.1
143 silly placeDep ROOT es-object-atoms@1.1.1 OK for: get-intrinsic@1.3.0 want: ^1.1.1
144 silly placeDep ROOT get-proto@1.0.1 OK for: get-intrinsic@1.3.0 want: ^1.0.1
145 silly placeDep ROOT gopd@1.2.0 OK for: get-intrinsic@1.3.0 want: ^1.2.0
146 silly placeDep ROOT has-symbols@1.1.0 OK for: get-intrinsic@1.3.0 want: ^1.1.0
147 silly placeDep ROOT math-intrinsics@1.1.0 OK for: get-intrinsic@1.3.0 want: ^1.1.0
148 silly fetch manifest dunder-proto@^1.0.1
149 silly packumentCache full:https://registry.npmjs.org/dunder-proto cache-miss
150 http fetch GET 200 https://registry.npmjs.org/dunder-proto 51ms (cache miss)
151 silly packumentCache full:https://registry.npmjs.org/dunder-proto set size:undefined disposed:false
152 silly placeDep ROOT dunder-proto@1.0.1 OK for: get-proto@1.0.1 want: ^1.0.1
153 silly placeDep ROOT html-parse-stringify@3.0.1 OK for: react-i18next@17.0.2 want: ^3.0.1
154 silly fetch manifest void-elements@3.1.0
155 silly packumentCache full:https://registry.npmjs.org/void-elements cache-miss
156 http fetch GET 200 https://registry.npmjs.org/void-elements 57ms (cache miss)
157 silly packumentCache full:https://registry.npmjs.org/void-elements set size:undefined disposed:false
158 silly placeDep ROOT void-elements@3.1.0 OK for: html-parse-stringify@3.0.1 want: 3.1.0
159 silly reify moves {}
160 silly audit bulk request {
160 silly audit   '@babel/code-frame': [ '7.29.0' ],
160 silly audit   '@babel/compat-data': [ '7.29.0' ],
160 silly audit   '@babel/core': [ '7.29.0' ],
160 silly audit   semver: [ '6.3.1', '7.6.3', '7.7.3', '7.7.4' ],
160 silly audit   '@babel/generator': [ '7.29.1' ],
160 silly audit   '@babel/helper-annotate-as-pure': [ '7.27.3' ],
160 silly audit   '@babel/helper-compilation-targets': [ '7.28.6' ],
160 silly audit   'lru-cache': [ '5.1.1', '10.4.3', '11.2.7' ],
160 silly audit   '@babel/helper-create-class-features-plugin': [ '7.28.6' ],
160 silly audit   '@babel/helper-create-regexp-features-plugin': [ '7.28.5' ],
160 silly audit   '@babel/helper-define-polyfill-provider': [ '0.6.8' ],
160 silly audit   '@babel/helper-globals': [ '7.28.0' ],
160 silly audit   '@babel/helper-member-expression-to-functions': [ '7.28.5' ],
160 silly audit   '@babel/helper-module-imports': [ '7.28.6' ],
160 silly audit   '@babel/helper-module-transforms': [ '7.28.6' ],
160 silly audit   '@babel/helper-optimise-call-expression': [ '7.27.1' ],
160 silly audit   '@babel/helper-plugin-utils': [ '7.28.6' ],
160 silly audit   '@babel/helper-remap-async-to-generator': [ '7.27.1' ],
160 silly audit   '@babel/helper-replace-supers': [ '7.28.6' ],
160 silly audit   '@babel/helper-skip-transparent-expression-wrappers': [ '7.27.1' ],
160 silly audit   '@babel/helper-string-parser': [ '7.27.1' ],
160 silly audit   '@babel/helper-validator-identifier': [ '7.28.5' ],
160 silly audit   '@babel/helper-validator-option': [ '7.27.1' ],
160 silly audit   '@babel/helper-wrap-function': [ '7.28.6' ],
160 silly audit   '@babel/helpers': [ '7.29.2' ],
160 silly audit   '@babel/parser': [ '7.29.2' ],
160 silly audit   '@babel/plugin-proposal-decorators': [ '7.29.0' ],
160 silly audit   '@babel/plugin-proposal-export-default-from': [ '7.27.1' ],
160 silly audit   '@babel/plugin-syntax-async-generators': [ '7.8.4' ],
160 silly audit   '@babel/plugin-syntax-bigint': [ '7.8.3' ],
160 silly audit   '@babel/plugin-syntax-class-properties': [ '7.12.13' ],
160 silly audit   '@babel/plugin-syntax-class-static-block': [ '7.14.5' ],
160 silly audit   '@babel/plugin-syntax-decorators': [ '7.28.6' ],
160 silly audit   '@babel/plugin-syntax-dynamic-import': [ '7.8.3' ],
160 silly audit   '@babel/plugin-syntax-export-default-from': [ '7.28.6' ],
160 silly audit   '@babel/plugin-syntax-flow': [ '7.28.6' ],
160 silly audit   '@babel/plugin-syntax-import-attributes': [ '7.28.6' ],
160 silly audit   '@babel/plugin-syntax-import-meta': [ '7.10.4' ],
160 silly audit   '@babel/plugin-syntax-json-strings': [ '7.8.3' ],
160 silly audit   '@babel/plugin-syntax-jsx': [ '7.28.6' ],
160 silly audit   '@babel/plugin-syntax-logical-assignment-operators': [ '7.10.4' ],
160 silly audit   '@babel/plugin-syntax-nullish-coalescing-operator': [ '7.8.3' ],
160 silly audit   '@babel/plugin-syntax-numeric-separator': [ '7.10.4' ],
160 silly audit   '@babel/plugin-syntax-object-rest-spread': [ '7.8.3' ],
160 silly audit   '@babel/plugin-syntax-optional-catch-binding': [ '7.8.3' ],
160 silly audit   '@babel/plugin-syntax-optional-chaining': [ '7.8.3' ],
160 silly audit   '@babel/plugin-syntax-private-property-in-object': [ '7.14.5' ],
160 silly audit   '@babel/plugin-syntax-top-level-await': [ '7.14.5' ],
160 silly audit   '@babel/plugin-syntax-typescript': [ '7.28.6' ],
160 silly audit   '@babel/plugin-transform-arrow-functions': [ '7.27.1' ],
160 silly audit   '@babel/plugin-transform-async-generator-functions': [ '7.29.0' ],
160 silly audit   '@babel/plugin-transform-async-to-generator': [ '7.28.6' ],
160 silly audit   '@babel/plugin-transform-block-scoping': [ '7.28.6' ],
160 silly audit   '@babel/plugin-transform-class-properties': [ '7.27.1', '7.28.6' ],
160 silly audit   '@babel/plugin-transform-class-static-block': [ '7.28.6' ],
160 silly audit   '@babel/plugin-transform-classes': [ '7.28.4', '7.28.6' ],
160 silly audit   '@babel/plugin-transform-computed-properties': [ '7.28.6' ],
160 silly audit   '@babel/plugin-transform-destructuring': [ '7.28.5' ],
160 silly audit   '@babel/plugin-transform-export-namespace-from': [ '7.27.1' ],
160 silly audit   '@babel/plugin-transform-flow-strip-types': [ '7.27.1' ],
160 silly audit   '@babel/plugin-transform-for-of': [ '7.27.1' ],
160 silly audit   '@babel/plugin-transform-function-name': [ '7.27.1' ],
160 silly audit   '@babel/plugin-transform-literals': [ '7.27.1' ],
160 silly audit   '@babel/plugin-transform-logical-assignment-operators': [ '7.28.6' ],
160 silly audit   '@babel/plugin-transform-modules-commonjs': [ '7.28.6' ],
160 silly audit   '@babel/plugin-transform-named-capturing-groups-regex': [ '7.29.0' ],
160 silly audit   '@babel/plugin-transform-nullish-coalescing-operator': [ '7.27.1', '7.28.6' ],
160 silly audit   '@babel/plugin-transform-numeric-separator': [ '7.28.6' ],
160 silly audit   '@babel/plugin-transform-object-rest-spread': [ '7.28.6' ],
160 silly audit   '@babel/plugin-transform-optional-catch-binding': [ '7.28.6' ],
160 silly audit   '@babel/plugin-transform-optional-chaining': [ '7.27.1', '7.28.6' ],
160 silly audit   '@babel/plugin-transform-parameters': [ '7.27.7' ],
160 silly audit   '@babel/plugin-transform-private-methods': [ '7.28.6' ],
160 silly audit   '@babel/plugin-transform-private-property-in-object': [ '7.28.6' ],
160 silly audit   '@babel/plugin-transform-react-display-name': [ '7.28.0' ],
160 silly audit   '@babel/plugin-transform-react-jsx': [ '7.28.6' ],
160 silly audit   '@babel/plugin-transform-react-jsx-development': [ '7.27.1' ],
160 silly audit   '@babel/plugin-transform-react-jsx-self': [ '7.27.1' ],
160 silly audit   '@babel/plugin-transform-react-jsx-source': [ '7.27.1' ],
160 silly audit   '@babel/plugin-transform-react-pure-annotations': [ '7.27.1' ],
160 silly audit   '@babel/plugin-transform-regenerator': [ '7.29.0' ],
160 silly audit   '@babel/plugin-transform-runtime': [ '7.29.0' ],
160 silly audit   '@babel/plugin-transform-shorthand-properties': [ '7.27.1' ],
160 silly audit   '@babel/plugin-transform-spread': [ '7.28.6' ],
160 silly audit   '@babel/plugin-transform-sticky-regex': [ '7.27.1' ],
160 silly audit   '@babel/plugin-transform-template-literals': [ '7.27.1' ],
160 silly audit   '@babel/plugin-transform-typescript': [ '7.28.6' ],
160 silly audit   '@babel/plugin-transform-unicode-regex': [ '7.27.1' ],
160 silly audit   '@babel/preset-react': [ '7.28.5' ],
160 silly audit   '@babel/preset-typescript': [ '7.27.1', '7.28.5' ],
160 silly audit   '@babel/runtime': [ '7.29.2' ],
160 silly audit   '@babel/template': [ '7.28.6' ],
160 silly audit   '@babel/traverse': [ '7.29.0' ],
160 silly audit   '@babel/types': [ '7.29.0' ],
160 silly audit   '@expo-google-fonts/material-symbols': [ '0.4.27' ],
160 silly audit   '@expo/cli': [ '55.0.19' ],
160 silly audit   'ci-info': [ '3.9.0', '2.0.0' ],
160 silly audit   picomatch: [ '4.0.4', '2.3.2' ],
160 silly audit   ws: [ '8.20.0', '7.5.10' ],
160 silly audit   '@expo/code-signing-certificates': [ '0.0.6' ],
160 silly audit   '@expo/config': [ '55.0.11' ],
160 silly audit   '@expo/config-plugins': [ '55.0.7' ],
160 silly audit   '@expo/config-types': [ '55.0.5' ],
160 silly audit   '@expo/devcert': [ '1.2.1' ],
160 silly audit   debug: [ '3.2.7', '2.6.9', '4.4.3' ],
160 silly audit   '@expo/devtools': [ '55.0.2' ],
160 silly audit   '@expo/dom-webview': [ '55.0.3' ],
160 silly audit   '@expo/env': [ '2.1.1' ],
160 silly audit   '@expo/fingerprint': [ '0.16.6' ],
160 silly audit   '@expo/image-utils': [ '0.8.12' ],
160 silly audit   '@expo/json-file': [ '10.0.12' ],
160 silly audit   '@expo/local-build-cache-provider': [ '55.0.7' ],
160 silly audit   '@expo/log-box': [ '55.0.8' ],
160 silly audit   '@expo/metro': [ '54.2.0' ],
160 silly audit   '@expo/metro-config': [ '55.0.11' ],
160 silly audit   'hermes-estree': [ '0.32.1', '0.32.0', '0.33.3' ],
160 silly audit   'hermes-parser': [ '0.32.1', '0.32.0', '0.33.3' ],
160 silly audit   '@expo/metro-runtime': [ '55.0.7' ],
160 silly audit   metro: [ '0.83.3', '0.83.5' ],
160 silly audit   '@expo/osascript': [ '2.4.2' ],
160 silly audit   '@expo/package-manager': [ '1.10.3' ],
160 silly audit   '@expo/plist': [ '0.5.2' ],
160 silly audit   '@expo/prebuild-config': [ '55.0.11' ],
160 silly audit   '@expo/require-utils': [ '55.0.3' ],
160 silly audit   '@expo/router-server': [ '55.0.11' ],
160 silly audit   '@expo/schema-utils': [ '55.0.2' ],
160 silly audit   '@expo/sdk-runtime-versions': [ '1.0.0' ],
160 silly audit   '@expo/spawn-async': [ '1.7.2' ],
160 silly audit   '@expo/sudo-prompt': [ '9.3.2' ],
160 silly audit   '@expo/vector-icons': [ '15.1.1' ],
160 silly audit   '@expo/ws-tunnel': [ '1.0.6' ],
160 silly audit   '@expo/xcpretty': [ '4.4.1' ],
160 silly audit   '@isaacs/ttlcache': [ '1.4.1' ],
160 silly audit   '@istanbuljs/load-nyc-config': [ '1.1.0' ],
160 silly audit   argparse: [ '1.0.10', '2.0.1' ],
160 silly audit   camelcase: [ '5.3.1', '6.3.0' ],
160 silly audit   'js-yaml': [ '3.14.2', '4.1.1' ],
160 silly audit   '@istanbuljs/schema': [ '0.1.3' ],
160 silly audit   '@jest/create-cache-key-function': [ '29.7.0' ],
160 silly audit   '@jest/environment': [ '29.7.0' ],
160 silly audit   '@jest/fake-timers': [ '29.7.0' ],
160 silly audit   '@jest/schemas': [ '29.6.3' ],
160 silly audit   '@jest/transform': [ '29.7.0' ],
160 silly audit   '@jest/types': [ '29.6.3' ],
160 silly audit   '@jridgewell/gen-mapping': [ '0.3.13' ],
160 silly audit   '@jridgewell/remapping': [ '2.3.5' ],
160 silly audit   '@jridgewell/resolve-uri': [ '3.1.2' ],
160 silly audit   '@jridgewell/source-map': [ '0.3.11' ],
160 silly audit   '@jridgewell/sourcemap-codec': [ '1.5.5' ],
160 silly audit   '@jridgewell/trace-mapping': [ '0.3.31' ],
160 silly audit   '@radix-ui/primitive': [ '1.1.3' ],
160 silly audit   '@radix-ui/react-collection': [ '1.1.7' ],
160 silly audit   '@radix-ui/react-compose-refs': [ '1.1.2' ],
160 silly audit   '@radix-ui/react-context': [ '1.1.2' ],
160 silly audit   '@radix-ui/react-dialog': [ '1.1.15' ],
160 silly audit   '@radix-ui/react-direction': [ '1.1.1' ],
160 silly audit   '@radix-ui/react-dismissable-layer': [ '1.1.11' ],
160 silly audit   '@radix-ui/react-focus-guards': [ '1.1.3' ],
160 silly audit   '@radix-ui/react-focus-scope': [ '1.1.7' ],
160 silly audit   '@radix-ui/react-id': [ '1.1.1' ],
160 silly audit   '@radix-ui/react-portal': [ '1.1.9' ],
160 silly audit   '@radix-ui/react-presence': [ '1.1.5' ],
160 silly audit   '@radix-ui/react-primitive': [ '2.1.3' ],
160 silly audit   '@radix-ui/react-roving-focus': [ '1.1.11' ],
160 silly audit   '@radix-ui/react-slot': [ '1.2.3', '1.2.4' ],
160 silly audit   '@radix-ui/react-tabs': [ '1.1.13' ],
160 silly audit   '@radix-ui/react-use-callback-ref': [ '1.1.1' ],
160 silly audit   '@radix-ui/react-use-controllable-state': [ '1.2.2' ],
160 silly audit   '@radix-ui/react-use-effect-event': [ '0.0.2' ],
160 silly audit   '@radix-ui/react-use-escape-keydown': [ '1.1.1' ],
160 silly audit   '@radix-ui/react-use-layout-effect': [ '1.1.1' ],
160 silly audit   '@react-native-async-storage/async-storage': [ '2.2.0' ],
160 silly audit   '@react-native/assets-registry': [ '0.83.4' ],
160 silly audit   '@react-native/babel-plugin-codegen': [ '0.83.4' ],
160 silly audit   '@react-native/babel-preset': [ '0.83.4' ],
160 silly audit   '@react-native/codegen': [ '0.83.4' ],
160 silly audit   'balanced-match': [ '1.0.2', '4.0.4' ],
160 silly audit   'brace-expansion': [ '1.1.13', '5.0.5' ],
160 silly audit   glob: [ '7.2.3', '13.0.6' ],
160 silly audit   minimatch: [ '3.1.5', '10.2.5' ],
160 silly audit   '@react-native/community-cli-plugin': [ '0.83.4' ],
160 silly audit   'metro-cache': [ '0.83.5', '0.83.3' ],
160 silly audit   'metro-config': [ '0.83.5', '0.83.3' ],
160 silly audit   'metro-core': [ '0.83.5', '0.83.3' ],
160 silly audit   'metro-resolver': [ '0.83.5', '0.83.3' ],
160 silly audit   'metro-runtime': [ '0.83.5', '0.83.3' ],
160 silly audit   '@react-native/debugger-frontend': [ '0.83.4' ],
160 silly audit   '@react-native/debugger-shell': [ '0.83.4' ],
160 silly audit   '@react-native/dev-middleware': [ '0.83.4' ],
160 silly audit   '@react-native/gradle-plugin': [ '0.83.4' ],
160 silly audit   '@react-native/js-polyfills': [ '0.83.4' ],
160 silly audit   '@react-native/normalize-colors': [ '0.83.4', '0.74.89' ],
160 silly audit   '@react-native/virtualized-lists': [ '0.83.4' ],
160 silly audit   '@react-navigation/bottom-tabs': [ '7.15.9' ],
160 silly audit   '@react-navigation/core': [ '7.17.2' ],
160 silly audit   'react-is': [ '19.2.4', '18.3.1' ],
160 silly audit   '@react-navigation/elements': [ '2.9.14' ],
160 silly audit   '@react-navigation/native': [ '7.2.2' ],
160 silly audit   '@react-navigation/native-stack': [ '7.14.10' ],
160 silly audit   '@react-navigation/routers': [ '7.5.3' ],
160 silly audit   '@sinclair/typebox': [ '0.27.10' ],
160 silly audit   '@sinonjs/commons': [ '3.0.1' ],
160 silly audit   '@sinonjs/fake-timers': [ '10.3.0' ],
160 silly audit   '@types/babel__core': [ '7.20.5' ],
160 silly audit   '@types/babel__generator': [ '7.27.0' ],
160 silly audit   '@types/babel__template': [ '7.4.4' ],
160 silly audit   '@types/babel__traverse': [ '7.28.0' ],
160 silly audit   '@types/graceful-fs': [ '4.1.9' ],
160 silly audit   '@types/istanbul-lib-coverage': [ '2.0.6' ],
160 silly audit   '@types/istanbul-lib-report': [ '3.0.3' ],
160 silly audit   '@types/istanbul-reports': [ '3.0.4' ],
160 silly audit   '@types/node': [ '25.5.0' ],
160 silly audit   '@types/react': [ '19.2.14' ],
160 silly audit   '@types/stack-utils': [ '2.0.3' ],
160 silly audit   '@types/yargs': [ '17.0.35' ],
160 silly audit   '@types/yargs-parser': [ '21.0.3' ],
160 silly audit   '@ungap/structured-clone': [ '1.3.0' ],
160 silly audit   '@xmldom/xmldom': [ '0.8.12' ],
160 silly audit   'abort-controller': [ '3.0.0' ],
160 silly audit   accepts: [ '1.3.8', '2.0.0' ],
160 silly audit   acorn: [ '8.16.0' ],
160 silly audit   'agent-base': [ '7.1.4' ],
160 silly audit   anser: [ '1.4.10' ],
160 silly audit   'ansi-escapes': [ '4.3.2' ],
160 silly audit   'type-fest': [ '0.21.3', '0.7.1' ],
160 silly audit   'ansi-regex': [ '5.0.1', '4.1.1' ],
160 silly audit   'ansi-styles': [ '4.3.0', '3.2.1', '5.2.0' ],
160 silly audit   anymatch: [ '3.1.3' ],
160 silly audit   arg: [ '5.0.2' ],
160 silly audit   'aria-hidden': [ '1.2.6' ],
160 silly audit   asap: [ '2.0.6' ],
160 silly audit   'await-lock': [ '2.2.2' ],
160 silly audit   'babel-jest': [ '29.7.0' ],
160 silly audit   'babel-plugin-istanbul': [ '6.1.1' ],
160 silly audit   'babel-plugin-jest-hoist': [ '29.6.3' ],
160 silly audit   'babel-plugin-polyfill-corejs2': [ '0.4.17' ],
160 silly audit   'babel-plugin-polyfill-corejs3': [ '0.13.0' ],
160 silly audit   'babel-plugin-polyfill-regenerator': [ '0.6.8' ],
160 silly audit   'babel-plugin-react-compiler': [ '1.0.0' ],
160 silly audit   'babel-plugin-react-native-web': [ '0.21.2' ],
160 silly audit   'babel-plugin-syntax-hermes-parser': [ '0.32.0', '0.32.1' ],
160 silly audit   'babel-plugin-transform-flow-enums': [ '0.0.2' ],
160 silly audit   'babel-preset-current-node-syntax': [ '1.2.0' ],
160 silly audit   'babel-preset-expo': [ '55.0.13' ],
160 silly audit   'babel-preset-jest': [ '29.6.3' ],
160 silly audit   'base64-js': [ '1.5.1' ],
160 silly audit   'baseline-browser-mapping': [ '2.10.13' ],
160 silly audit   'better-opn': [ '3.0.2' ],
160 silly audit   open: [ '8.4.2', '7.4.2' ],
160 silly audit   'big-integer': [ '1.6.52' ],
160 silly audit   'bplist-creator': [ '0.1.0' ],
160 silly audit   'bplist-parser': [ '0.3.2', '0.3.1' ],
160 silly audit   braces: [ '3.0.3' ],
160 silly audit   browserslist: [ '4.28.2' ],
160 silly audit   bser: [ '2.1.1' ],
160 silly audit   'buffer-from': [ '1.1.2' ],
160 silly audit   bytes: [ '3.1.2' ],
160 silly audit   'caniuse-lite': [ '1.0.30001784' ],
160 silly audit   chalk: [ '4.1.2', '2.4.2' ],
160 silly audit   'chrome-launcher': [ '0.15.2' ],
160 silly audit   'chromium-edge-launcher': [ '0.2.0' ],
160 silly audit   'cli-cursor': [ '2.1.0' ],
160 silly audit   'cli-spinners': [ '2.9.2' ],
160 silly audit   'client-only': [ '0.0.1' ],
160 silly audit   cliui: [ '8.0.1' ],
160 silly audit   clone: [ '1.0.4' ],
160 silly audit   color: [ '4.2.3' ],
160 silly audit   'color-convert': [ '2.0.1', '1.9.3' ],
160 silly audit   'color-name': [ '1.1.4', '1.1.3' ],
160 silly audit   'color-string': [ '1.9.1' ],
160 silly audit   commander: [ '12.1.0', '7.2.0', '2.20.3' ],
160 silly audit   compressible: [ '2.0.18' ],
160 silly audit   compression: [ '1.8.1' ],
160 silly audit   ms: [ '2.0.0', '2.1.3' ],
160 silly audit   negotiator: [ '0.6.4', '1.0.0', '0.6.3' ],
160 silly audit   'concat-map': [ '0.0.1' ],
160 silly audit   connect: [ '3.7.0' ],
160 silly audit   'convert-source-map': [ '2.0.0' ],
160 silly audit   'core-js-compat': [ '3.49.0' ],
160 silly audit   'cross-fetch': [ '3.2.0' ],
160 silly audit   'cross-spawn': [ '7.0.6' ],
160 silly audit   'css-in-js-utils': [ '3.1.0' ],
160 silly audit   csstype: [ '3.2.3' ],
160 silly audit   'decode-uri-component': [ '0.2.2' ],
160 silly audit   deepmerge: [ '4.3.1' ],
160 silly audit   defaults: [ '1.0.4' ],
160 silly audit   'define-lazy-prop': [ '2.0.0' ],
160 silly audit   depd: [ '2.0.0' ],
160 silly audit   destroy: [ '1.2.0' ],
160 silly audit   'detect-libc': [ '2.1.2' ],
160 silly audit   'detect-node-es': [ '1.1.0' ],
160 silly audit   'dnssd-advertise': [ '1.1.4' ],
160 silly audit   'ee-first': [ '1.1.1' ],
160 silly audit   'electron-to-chromium': [ '1.5.330' ],
160 silly audit   'emoji-regex': [ '8.0.0' ],
160 silly audit   encodeurl: [ '2.0.0', '1.0.2' ],
160 silly audit   'error-stack-parser': [ '2.1.4' ],
160 silly audit   escalade: [ '3.2.0' ],
160 silly audit   'escape-html': [ '1.0.3' ],
160 silly audit   'escape-string-regexp': [ '4.0.0', '1.0.5', '2.0.0' ],
160 silly audit   esprima: [ '4.0.1' ],
160 silly audit   etag: [ '1.8.1' ],
160 silly audit   'event-target-shim': [ '5.0.1' ],
160 silly audit   expo: [ '55.0.9' ],
160 silly audit   'expo-asset': [ '55.0.10' ],
160 silly audit   'expo-constants': [ '55.0.9' ],
160 silly audit   'expo-file-system': [ '55.0.12' ],
160 silly audit   'expo-font': [ '55.0.4' ],
160 silly audit   'expo-glass-effect': [ '55.0.8' ],
160 silly audit   'expo-image': [ '55.0.6' ],
160 silly audit   'expo-keep-awake': [ '55.0.4' ],
160 silly audit   'expo-linking': [ '55.0.9' ],
160 silly audit   'expo-localization': [ '55.0.9' ],
160 silly audit   'expo-modules-autolinking': [ '55.0.12' ],
160 silly audit   'expo-modules-core': [ '55.0.18' ],
160 silly audit   'expo-router': [ '55.0.8' ],
160 silly audit   'expo-server': [ '55.0.6' ],
160 silly audit   'expo-splash-screen': [ '55.0.13' ],
160 silly audit   'expo-sqlite': [ '55.0.11' ],
160 silly audit   'expo-status-bar': [ '55.0.4' ],
160 silly audit   'expo-symbols': [ '55.0.5' ],
160 silly audit   'expo-web-browser': [ '55.0.10' ],
160 silly audit   'exponential-backoff': [ '3.1.3' ],
160 silly audit   'fast-deep-equal': [ '3.1.3' ],
160 silly audit   'fast-json-stable-stringify': [ '2.1.0' ],
160 silly audit   'fb-dotslash': [ '0.5.8' ],
160 silly audit   'fb-watchman': [ '2.0.2' ],
160 silly audit   fbjs: [ '3.0.5' ],
160 silly audit   'fbjs-css-vars': [ '1.0.2' ],
160 silly audit   promise: [ '7.3.1', '8.3.0' ],
160 silly audit   'fetch-nodeshim': [ '0.4.10' ],
160 silly audit   'fill-range': [ '7.1.1' ],
160 silly audit   'filter-obj': [ '1.1.0' ],
160 silly audit   finalhandler: [ '1.1.2' ],
160 silly audit   statuses: [ '1.5.0', '2.0.2' ],
160 silly audit   'find-up': [ '4.1.0' ],
160 silly audit   'flow-enums-runtime': [ '0.0.6' ],
160 silly audit   fontfaceobserver: [ '2.3.0' ],
160 silly audit   fresh: [ '0.5.2' ],
160 silly audit   'fs.realpath': [ '1.0.0' ],
160 silly audit   fsevents: [ '2.3.3' ],
160 silly audit   'function-bind': [ '1.1.2' ],
160 silly audit   gensync: [ '1.0.0-beta.2' ],
160 silly audit   'get-caller-file': [ '2.0.5' ],
160 silly audit   'get-nonce': [ '1.0.1' ],
160 silly audit   'get-package-type': [ '0.1.0' ],
160 silly audit   getenv: [ '2.0.0' ],
160 silly audit   'graceful-fs': [ '4.2.11' ],
160 silly audit   'has-flag': [ '4.0.0', '3.0.0' ],
160 silly audit   hasown: [ '2.0.2' ],
160 silly audit   'hermes-compiler': [ '0.14.1' ],
160 silly audit   'hosted-git-info': [ '7.0.2' ],
160 silly audit   'http-errors': [ '2.0.1' ],
160 silly audit   'https-proxy-agent': [ '7.0.6' ],
160 silly audit   'hyphenate-style-name': [ '1.1.0' ],
160 silly audit   ignore: [ '5.3.2' ],
160 silly audit   'image-size': [ '1.2.1' ],
160 silly audit   imurmurhash: [ '0.1.4' ],
160 silly audit   inflight: [ '1.0.6' ],
160 silly audit   inherits: [ '2.0.4' ],
160 silly audit   'inline-style-prefixer': [ '7.0.1' ],
160 silly audit   invariant: [ '2.2.4' ],
160 silly audit   'is-arrayish': [ '0.3.4' ],
160 silly audit   'is-core-module': [ '2.16.1' ],
160 silly audit   'is-docker': [ '2.2.1' ],
160 silly audit   'is-fullwidth-code-point': [ '3.0.0' ],
160 silly audit   'is-number': [ '7.0.0' ],
160 silly audit   'is-plain-obj': [ '2.1.0' ],
160 silly audit   'is-wsl': [ '2.2.0' ],
160 silly audit   isexe: [ '2.0.0' ],
160 silly audit   'istanbul-lib-coverage': [ '3.2.2' ],
160 silly audit   'istanbul-lib-instrument': [ '5.2.1' ],
160 silly audit   'jest-environment-node': [ '29.7.0' ],
160 silly audit   'jest-get-type': [ '29.6.3' ],
160 silly audit   'jest-haste-map': [ '29.7.0' ],
160 silly audit   'jest-message-util': [ '29.7.0' ],
160 silly audit   'jest-mock': [ '29.7.0' ],
160 silly audit   'jest-regex-util': [ '29.6.3' ],
160 silly audit   'jest-util': [ '29.7.0' ],
160 silly audit   'jest-validate': [ '29.7.0' ],
160 silly audit   'jest-worker': [ '29.7.0' ],
160 silly audit   'supports-color': [ '8.1.1', '5.5.0', '7.2.0' ],
160 silly audit   'jimp-compact': [ '0.16.1' ],
160 silly audit   'js-tokens': [ '4.0.0' ],
160 silly audit   'jsc-safe-url': [ '0.2.4' ],
160 silly audit   jsesc: [ '3.1.0' ],
160 silly audit   json5: [ '2.2.3' ],
160 silly audit   kleur: [ '3.0.3' ],
160 silly audit   'lan-network': [ '0.2.0' ],
160 silly audit   leven: [ '3.1.0' ],
160 silly audit   'lighthouse-logger': [ '1.4.2' ],
160 silly audit   lightningcss: [ '1.32.0' ],
160 silly audit   'lightningcss-android-arm64': [ '1.32.0' ],
160 silly audit   'lightningcss-darwin-arm64': [ '1.32.0' ],
160 silly audit   'lightningcss-darwin-x64': [ '1.32.0' ],
160 silly audit   'lightningcss-freebsd-x64': [ '1.32.0' ],
160 silly audit   'lightningcss-linux-arm-gnueabihf': [ '1.32.0' ],
160 silly audit   'lightningcss-linux-arm64-gnu': [ '1.32.0' ],
160 silly audit   'lightningcss-linux-arm64-musl': [ '1.32.0' ],
160 silly audit   'lightningcss-linux-x64-gnu': [ '1.32.0' ],
160 silly audit   'lightningcss-linux-x64-musl': [ '1.32.0' ],
160 silly audit   'lightningcss-win32-arm64-msvc': [ '1.32.0' ],
160 silly audit   'lightningcss-win32-x64-msvc': [ '1.32.0' ],
160 silly audit   'locate-path': [ '5.0.0' ],
160 silly audit   'lodash.debounce': [ '4.0.8' ],
160 silly audit   'lodash.throttle': [ '4.1.1' ],
160 silly audit   'log-symbols': [ '2.2.0' ],
160 silly audit   'loose-envify': [ '1.4.0' ],
160 silly audit   makeerror: [ '1.0.12' ],
160 silly audit   marky: [ '1.3.0' ],
160 silly audit   'memoize-one': [ '5.2.1', '6.0.0' ],
160 silly audit   'merge-options': [ '3.0.4' ],
160 silly audit   'merge-stream': [ '2.0.0' ],
160 silly audit   'metro-babel-transformer': [ '0.83.3', '0.83.5' ],
160 silly audit   'metro-cache-key': [ '0.83.3', '0.83.5' ],
160 silly audit   'metro-file-map': [ '0.83.3', '0.83.5' ],
160 silly audit   'metro-minify-terser': [ '0.83.3', '0.83.5' ],
160 silly audit   'metro-source-map': [ '0.83.3', '0.83.5' ],
160 silly audit   'metro-symbolicate': [ '0.83.3', '0.83.5' ],
160 silly audit   'metro-transform-plugins': [ '0.83.3', '0.83.5' ],
160 silly audit   'metro-transform-worker': [ '0.83.3', '0.83.5' ],
160 silly audit   'mime-types': [ '3.0.2', '2.1.35' ],
160 silly audit   ob1: [ '0.83.5', '0.83.3' ],
160 silly audit   micromatch: [ '4.0.8' ],
160 silly audit   mime: [ '1.6.0' ],
160 silly audit   'mime-db': [ '1.54.0', '1.52.0' ],
160 silly audit   'mimic-fn': [ '1.2.0' ],
160 silly audit   minipass: [ '7.1.3' ],
160 silly audit   mkdirp: [ '1.0.4' ],
160 silly audit   multitars: [ '0.2.4' ],
160 silly audit   nanoid: [ '3.3.11' ],
160 silly audit   'node-fetch': [ '2.7.0' ],
160 silly audit   'node-forge': [ '1.4.0' ],
160 silly audit   'node-int64': [ '0.4.0' ],
160 silly audit   'node-releases': [ '2.0.36' ],
160 silly audit   'normalize-path': [ '3.0.0' ],
160 silly audit   'npm-package-arg': [ '11.0.3' ],
160 silly audit   nullthrows: [ '1.1.1' ],
160 silly audit   'object-assign': [ '4.1.1' ],
160 silly audit   'on-finished': [ '2.3.0', '2.4.1' ],
160 silly audit   'on-headers': [ '1.1.0' ],
160 silly audit   once: [ '1.4.0' ],
160 silly audit   onetime: [ '2.0.1' ],
160 silly audit   ora: [ '3.4.0' ],
160 silly audit   'strip-ansi': [ '5.2.0', '6.0.1' ],
160 silly audit   'p-limit': [ '2.3.0' ],
160 silly audit   'p-locate': [ '4.1.0' ],
160 silly audit   'p-try': [ '2.2.0' ],
160 silly audit   'parse-png': [ '2.1.0' ],
160 silly audit   parseurl: [ '1.3.3' ],
160 silly audit   'path-exists': [ '4.0.0' ],
160 silly audit   'path-is-absolute': [ '1.0.1' ],
160 silly audit   'path-key': [ '3.1.1' ],
160 silly audit   'path-parse': [ '1.0.7' ],
160 silly audit   'path-scurry': [ '2.0.2' ],
160 silly audit   picocolors: [ '1.1.1' ],
160 silly audit   pirates: [ '4.0.7' ],
160 silly audit   plist: [ '3.1.0' ],
160 silly audit   pngjs: [ '3.4.0' ],
160 silly audit   postcss: [ '8.4.49' ],
160 silly audit   'postcss-value-parser': [ '4.2.0' ],
160 silly audit   'pretty-format': [ '29.7.0' ],
160 silly audit   'proc-log': [ '4.2.0' ],
160 silly audit   progress: [ '2.0.3' ],
160 silly audit   prompts: [ '2.4.2' ],
160 silly audit   'query-string': [ '7.1.3' ],
160 silly audit   queue: [ '6.0.2' ],
160 silly audit   'range-parser': [ '1.2.1' ],
160 silly audit   react: [ '19.2.0' ],
160 silly audit   'react-devtools-core': [ '6.1.5' ],
160 silly audit   'react-dom': [ '19.2.0' ],
160 silly audit   'react-fast-compare': [ '3.2.2' ],
160 silly audit   'react-freeze': [ '1.0.4' ],
160 silly audit   'react-native': [ '0.83.4' ],
160 silly audit   'react-native-is-edge-to-edge': [ '1.3.1', '1.2.1' ],
160 silly audit   'react-native-reanimated': [ '4.2.1' ],
160 silly audit   'react-native-safe-area-context': [ '5.6.2' ],
160 silly audit   'react-native-screens': [ '4.23.0' ],
160 silly audit   'react-native-web': [ '0.21.2' ],
160 silly audit   'react-native-worklets': [ '0.7.2' ],
160 silly audit   'react-refresh': [ '0.14.2' ],
160 silly audit   'react-remove-scroll': [ '2.7.2' ],
160 silly audit   'react-remove-scroll-bar': [ '2.3.8' ],
160 silly audit   'react-style-singleton': [ '2.2.3' ],
160 silly audit   regenerate: [ '1.4.2' ],
160 silly audit   'regenerate-unicode-properties': [ '10.2.2' ],
160 silly audit   'regenerator-runtime': [ '0.13.11' ],
160 silly audit   'regexpu-core': [ '6.4.0' ],
160 silly audit   regjsgen: [ '0.8.0' ],
160 silly audit   regjsparser: [ '0.13.0' ],
160 silly audit   'require-directory': [ '2.1.1' ],
160 silly audit   resolve: [ '1.22.11' ],
160 silly audit   'resolve-from': [ '5.0.0' ],
160 silly audit   'resolve-workspace-root': [ '2.0.1' ],
160 silly audit   'restore-cursor': [ '2.0.0' ],
160 silly audit   rimraf: [ '3.0.2' ],
160 silly audit   'rtl-detect': [ '1.1.2' ],
160 silly audit   'safe-buffer': [ '5.2.1' ],
160 silly audit   sax: [ '1.6.0' ],
160 silly audit   scheduler: [ '0.27.0' ],
160 silly audit   send: [ '0.19.2' ],
160 silly audit   'serialize-error': [ '2.1.0' ],
160 silly audit   'serve-static': [ '1.16.3' ],
160 silly audit   'server-only': [ '0.0.1' ],
160 silly audit   setimmediate: [ '1.0.5' ],
160 silly audit   setprototypeof: [ '1.2.0' ],
160 silly audit   'sf-symbols-typescript': [ '2.2.0' ],
160 silly audit   shallowequal: [ '1.1.0' ],
160 silly audit   'shebang-command': [ '2.0.0' ],
160 silly audit   'shebang-regex': [ '3.0.0' ],
160 silly audit   'shell-quote': [ '1.8.3' ],
160 silly audit   'signal-exit': [ '3.0.7' ],
160 silly audit   'simple-plist': [ '1.3.1' ],
160 silly audit   'simple-swizzle': [ '0.2.4' ],
160 silly audit   sisteransi: [ '1.0.5' ],
160 silly audit   slash: [ '3.0.0' ],
160 silly audit   slugify: [ '1.6.8' ],
160 silly audit   'source-map': [ '0.5.7', '0.6.1' ],
160 silly audit   'source-map-js': [ '1.2.1' ],
160 silly audit   'source-map-support': [ '0.5.21' ],
160 silly audit   'split-on-first': [ '1.1.0' ],
160 silly audit   'sprintf-js': [ '1.0.3' ],
160 silly audit   'stack-utils': [ '2.0.6' ],
160 silly audit   stackframe: [ '1.3.4' ],
160 silly audit   'stacktrace-parser': [ '0.1.11' ],
160 silly audit   'stream-buffers': [ '2.2.0' ],
160 silly audit   'strict-uri-encode': [ '2.0.0' ],
160 silly audit   'string-width': [ '4.2.3' ],
160 silly audit   'structured-headers': [ '0.4.1' ],
160 silly audit   styleq: [ '0.1.3' ],
160 silly audit   'supports-hyperlinks': [ '2.3.0' ],
160 silly audit   'supports-preserve-symlinks-flag': [ '1.0.0' ],
160 silly audit   'terminal-link': [ '2.1.1' ],
160 silly audit   terser: [ '5.46.1' ],
160 silly audit   'test-exclude': [ '6.0.0' ],
160 silly audit   throat: [ '5.0.0' ],
160 silly audit   tmpl: [ '1.0.5' ],
160 silly audit   'to-regex-range': [ '5.0.1' ],
160 silly audit   toidentifier: [ '1.0.1' ],
160 silly audit   toqr: [ '0.1.1' ],
160 silly audit   tr46: [ '0.0.3' ],
160 silly audit   tslib: [ '2.8.1' ],
160 silly audit   'type-detect': [ '4.0.8' ],
160 silly audit   typescript: [ '5.9.3' ],
160 silly audit   'ua-parser-js': [ '1.0.41' ],
160 silly audit   'undici-types': [ '7.18.2' ],
160 silly audit   'unicode-canonical-property-names-ecmascript': [ '2.0.1' ],
160 silly audit   'unicode-match-property-ecmascript': [ '2.0.0' ],
160 silly audit   'unicode-match-property-value-ecmascript': [ '2.2.1' ],
160 silly audit   'unicode-property-aliases-ecmascript': [ '2.2.0' ],
160 silly audit   unpipe: [ '1.0.0' ],
160 silly audit   'update-browserslist-db': [ '1.2.3' ],
160 silly audit   'use-callback-ref': [ '1.3.3' ],
160 silly audit   'use-latest-callback': [ '0.2.6' ],
160 silly audit   'use-sidecar': [ '1.1.3' ],
160 silly audit   'use-sync-external-store': [ '1.6.0' ],
160 silly audit   'utils-merge': [ '1.0.1' ],
160 silly audit   uuid: [ '7.0.3' ],
160 silly audit   'validate-npm-package-name': [ '5.0.1' ],
160 silly audit   vary: [ '1.1.2' ],
160 silly audit   vaul: [ '1.1.2' ],
160 silly audit   vlq: [ '1.0.1' ],
160 silly audit   walker: [ '1.0.8' ],
160 silly audit   'warn-once': [ '0.1.1' ],
160 silly audit   wcwidth: [ '1.0.1' ],
160 silly audit   'webidl-conversions': [ '3.0.1' ],
160 silly audit   'whatwg-fetch': [ '3.6.20' ],
160 silly audit   'whatwg-url': [ '5.0.0' ],
160 silly audit   'whatwg-url-minimum': [ '0.1.1' ],
160 silly audit   which: [ '2.0.2' ],
160 silly audit   'wrap-ansi': [ '7.0.0' ],
160 silly audit   wrappy: [ '1.0.2' ],
160 silly audit   'write-file-atomic': [ '4.0.2' ],
160 silly audit   xcode: [ '3.0.1' ],
160 silly audit   xml2js: [ '0.6.0' ],
160 silly audit   xmlbuilder: [ '11.0.1', '15.1.1' ],
160 silly audit   y18n: [ '5.0.8' ],
160 silly audit   yallist: [ '3.1.1' ],
160 silly audit   yaml: [ '2.8.3' ],
160 silly audit   yargs: [ '17.7.2' ],
160 silly audit   'yargs-parser': [ '21.1.1' ],
160 silly audit   zod: [ '3.25.76' ],
160 silly audit   axios: [ '1.14.0' ],
160 silly audit   i18next: [ '26.0.3' ],
160 silly audit   'react-i18next': [ '17.0.2' ],
160 silly audit   zustand: [ '5.0.12' ],
160 silly audit   'follow-redirects': [ '1.15.11' ],
160 silly audit   'form-data': [ '4.0.5' ],
160 silly audit   'proxy-from-env': [ '2.1.0' ],
160 silly audit   asynckit: [ '0.4.0' ],
160 silly audit   'combined-stream': [ '1.0.8' ],
160 silly audit   'es-set-tostringtag': [ '2.1.0' ],
160 silly audit   'delayed-stream': [ '1.0.0' ],
160 silly audit   'es-errors': [ '1.3.0' ],
160 silly audit   'get-intrinsic': [ '1.3.0' ],
160 silly audit   'has-tostringtag': [ '1.0.2' ],
160 silly audit   'call-bind-apply-helpers': [ '1.0.2' ],
160 silly audit   'es-define-property': [ '1.0.1' ],
160 silly audit   'es-object-atoms': [ '1.1.1' ],
160 silly audit   'get-proto': [ '1.0.1' ],
160 silly audit   gopd: [ '1.2.0' ],
160 silly audit   'has-symbols': [ '1.1.0' ],
160 silly audit   'math-intrinsics': [ '1.1.0' ],
160 silly audit   'dunder-proto': [ '1.0.1' ],
160 silly audit   'html-parse-stringify': [ '3.0.1' ],
160 silly audit   'void-elements': [ '3.1.0' ]
160 silly audit }
161 http cache html-parse-stringify@https://registry.npmjs.org/html-parse-stringify/-/html-parse-stringify-3.0.1.tgz 0ms (cache hit)
162 http cache void-elements@https://registry.npmjs.org/void-elements/-/void-elements-3.1.0.tgz 0ms (cache hit)
163 http cache dunder-proto@https://registry.npmjs.org/dunder-proto/-/dunder-proto-1.0.1.tgz 0ms (cache hit)
164 http cache has-symbols@https://registry.npmjs.org/has-symbols/-/has-symbols-1.1.0.tgz 0ms (cache hit)
165 http cache gopd@https://registry.npmjs.org/gopd/-/gopd-1.2.0.tgz 0ms (cache hit)
166 http cache get-proto@https://registry.npmjs.org/get-proto/-/get-proto-1.0.1.tgz 0ms (cache hit)
167 http cache math-intrinsics@https://registry.npmjs.org/math-intrinsics/-/math-intrinsics-1.1.0.tgz 0ms (cache hit)
168 http cache call-bind-apply-helpers@https://registry.npmjs.org/call-bind-apply-helpers/-/call-bind-apply-helpers-1.0.2.tgz 0ms (cache hit)
169 http cache es-define-property@https://registry.npmjs.org/es-define-property/-/es-define-property-1.0.1.tgz 0ms (cache hit)
170 http cache has-tostringtag@https://registry.npmjs.org/has-tostringtag/-/has-tostringtag-1.0.2.tgz 0ms (cache hit)
171 http cache es-errors@https://registry.npmjs.org/es-errors/-/es-errors-1.3.0.tgz 0ms (cache hit)
172 http cache es-object-atoms@https://registry.npmjs.org/es-object-atoms/-/es-object-atoms-1.1.1.tgz 0ms (cache hit)
173 http cache delayed-stream@https://registry.npmjs.org/delayed-stream/-/delayed-stream-1.0.0.tgz 0ms (cache hit)
174 http cache es-set-tostringtag@https://registry.npmjs.org/es-set-tostringtag/-/es-set-tostringtag-2.1.0.tgz 0ms (cache hit)
175 http cache combined-stream@https://registry.npmjs.org/combined-stream/-/combined-stream-1.0.8.tgz 0ms (cache hit)
176 http cache asynckit@https://registry.npmjs.org/asynckit/-/asynckit-0.4.0.tgz 0ms (cache hit)
177 http cache proxy-from-env@https://registry.npmjs.org/proxy-from-env/-/proxy-from-env-2.1.0.tgz 0ms (cache hit)
178 http cache get-intrinsic@https://registry.npmjs.org/get-intrinsic/-/get-intrinsic-1.3.0.tgz 0ms (cache hit)
179 http cache follow-redirects@https://registry.npmjs.org/follow-redirects/-/follow-redirects-1.15.11.tgz 0ms (cache hit)
180 http cache form-data@https://registry.npmjs.org/form-data/-/form-data-4.0.5.tgz 0ms (cache hit)
181 http cache zustand@https://registry.npmjs.org/zustand/-/zustand-5.0.12.tgz 0ms (cache hit)
182 http cache react-i18next@https://registry.npmjs.org/react-i18next/-/react-i18next-17.0.2.tgz 0ms (cache hit)
183 http cache i18next@https://registry.npmjs.org/i18next/-/i18next-26.0.3.tgz 0ms (cache hit)
184 http cache axios@https://registry.npmjs.org/axios/-/axios-1.14.0.tgz 0ms (cache hit)
185 silly tarball no local data for html-parse-stringify@https://registry.npmjs.org/html-parse-stringify/-/html-parse-stringify-3.0.1.tgz. Extracting by manifest.
186 silly tarball no local data for void-elements@https://registry.npmjs.org/void-elements/-/void-elements-3.1.0.tgz. Extracting by manifest.
187 silly tarball no local data for dunder-proto@https://registry.npmjs.org/dunder-proto/-/dunder-proto-1.0.1.tgz. Extracting by manifest.
188 silly tarball no local data for has-symbols@https://registry.npmjs.org/has-symbols/-/has-symbols-1.1.0.tgz. Extracting by manifest.
189 silly tarball no local data for gopd@https://registry.npmjs.org/gopd/-/gopd-1.2.0.tgz. Extracting by manifest.
190 silly tarball no local data for get-proto@https://registry.npmjs.org/get-proto/-/get-proto-1.0.1.tgz. Extracting by manifest.
191 silly tarball no local data for math-intrinsics@https://registry.npmjs.org/math-intrinsics/-/math-intrinsics-1.1.0.tgz. Extracting by manifest.
192 silly tarball no local data for call-bind-apply-helpers@https://registry.npmjs.org/call-bind-apply-helpers/-/call-bind-apply-helpers-1.0.2.tgz. Extracting by manifest.
193 silly tarball no local data for es-define-property@https://registry.npmjs.org/es-define-property/-/es-define-property-1.0.1.tgz. Extracting by manifest.
194 silly tarball no local data for has-tostringtag@https://registry.npmjs.org/has-tostringtag/-/has-tostringtag-1.0.2.tgz. Extracting by manifest.
195 silly tarball no local data for es-errors@https://registry.npmjs.org/es-errors/-/es-errors-1.3.0.tgz. Extracting by manifest.
196 silly tarball no local data for es-object-atoms@https://registry.npmjs.org/es-object-atoms/-/es-object-atoms-1.1.1.tgz. Extracting by manifest.
197 silly tarball no local data for delayed-stream@https://registry.npmjs.org/delayed-stream/-/delayed-stream-1.0.0.tgz. Extracting by manifest.
198 silly tarball no local data for es-set-tostringtag@https://registry.npmjs.org/es-set-tostringtag/-/es-set-tostringtag-2.1.0.tgz. Extracting by manifest.
199 silly tarball no local data for combined-stream@https://registry.npmjs.org/combined-stream/-/combined-stream-1.0.8.tgz. Extracting by manifest.
200 silly tarball no local data for asynckit@https://registry.npmjs.org/asynckit/-/asynckit-0.4.0.tgz. Extracting by manifest.
201 silly tarball no local data for proxy-from-env@https://registry.npmjs.org/proxy-from-env/-/proxy-from-env-2.1.0.tgz. Extracting by manifest.
202 silly tarball no local data for get-intrinsic@https://registry.npmjs.org/get-intrinsic/-/get-intrinsic-1.3.0.tgz. Extracting by manifest.
203 silly tarball no local data for follow-redirects@https://registry.npmjs.org/follow-redirects/-/follow-redirects-1.15.11.tgz. Extracting by manifest.
204 silly tarball no local data for form-data@https://registry.npmjs.org/form-data/-/form-data-4.0.5.tgz. Extracting by manifest.
205 silly tarball no local data for zustand@https://registry.npmjs.org/zustand/-/zustand-5.0.12.tgz. Extracting by manifest.
206 silly tarball no local data for react-i18next@https://registry.npmjs.org/react-i18next/-/react-i18next-17.0.2.tgz. Extracting by manifest.
207 silly tarball no local data for i18next@https://registry.npmjs.org/i18next/-/i18next-26.0.3.tgz. Extracting by manifest.
208 silly tarball no local data for axios@https://registry.npmjs.org/axios/-/axios-1.14.0.tgz. Extracting by manifest.
209 http fetch GET 200 https://registry.npmjs.org/gopd/-/gopd-1.2.0.tgz 61ms (cache miss)
210 http fetch GET 200 https://registry.npmjs.org/get-proto/-/get-proto-1.0.1.tgz 62ms (cache miss)
211 http fetch GET 200 https://registry.npmjs.org/dunder-proto/-/dunder-proto-1.0.1.tgz 67ms (cache miss)
212 http fetch GET 200 https://registry.npmjs.org/has-symbols/-/has-symbols-1.1.0.tgz 70ms (cache miss)
213 http fetch GET 200 https://registry.npmjs.org/html-parse-stringify/-/html-parse-stringify-3.0.1.tgz 71ms (cache miss)
214 http fetch GET 200 https://registry.npmjs.org/math-intrinsics/-/math-intrinsics-1.1.0.tgz 71ms (cache miss)
215 http fetch GET 200 https://registry.npmjs.org/void-elements/-/void-elements-3.1.0.tgz 72ms (cache miss)
216 http fetch GET 200 https://registry.npmjs.org/combined-stream/-/combined-stream-1.0.8.tgz 99ms (cache miss)
217 http fetch GET 200 https://registry.npmjs.org/proxy-from-env/-/proxy-from-env-2.1.0.tgz 108ms (cache miss)
218 http fetch GET 200 https://registry.npmjs.org/get-intrinsic/-/get-intrinsic-1.3.0.tgz 108ms (cache miss)
219 http fetch GET 200 https://registry.npmjs.org/follow-redirects/-/follow-redirects-1.15.11.tgz 111ms (cache miss)
220 http fetch GET 200 https://registry.npmjs.org/form-data/-/form-data-4.0.5.tgz 112ms (cache miss)
221 http fetch GET 200 https://registry.npmjs.org/asynckit/-/asynckit-0.4.0.tgz 128ms (cache miss)
222 http fetch GET 200 https://registry.npmjs.org/zustand/-/zustand-5.0.12.tgz 128ms (cache miss)
223 http fetch GET 200 https://registry.npmjs.org/call-bind-apply-helpers/-/call-bind-apply-helpers-1.0.2.tgz 140ms (cache miss)
224 http fetch GET 200 https://registry.npmjs.org/has-tostringtag/-/has-tostringtag-1.0.2.tgz 142ms (cache miss)
225 http fetch GET 200 https://registry.npmjs.org/es-define-property/-/es-define-property-1.0.1.tgz 147ms (cache miss)
226 http fetch GET 200 https://registry.npmjs.org/es-errors/-/es-errors-1.3.0.tgz 149ms (cache miss)
227 http fetch GET 200 https://registry.npmjs.org/delayed-stream/-/delayed-stream-1.0.0.tgz 152ms (cache miss)
228 http fetch GET 200 https://registry.npmjs.org/es-set-tostringtag/-/es-set-tostringtag-2.1.0.tgz 153ms (cache miss)
229 http fetch GET 200 https://registry.npmjs.org/es-object-atoms/-/es-object-atoms-1.1.1.tgz 167ms (cache miss)
230 http fetch GET 200 https://registry.npmjs.org/i18next/-/i18next-26.0.3.tgz 190ms (cache miss)
231 http fetch POST 200 https://registry.npmjs.org/-/npm/v1/security/advisories/bulk 335ms
232 silly audit report {}
233 http fetch GET 200 https://registry.npmjs.org/react-i18next/-/react-i18next-17.0.2.tgz 598ms (cache miss)
234 http fetch GET 200 https://registry.npmjs.org/axios/-/axios-1.14.0.tgz 899ms (cache miss)
235 silly ADD node_modules/void-elements
236 silly ADD node_modules/html-parse-stringify
237 silly ADD node_modules/dunder-proto
238 silly ADD node_modules/math-intrinsics
239 silly ADD node_modules/has-symbols
240 silly ADD node_modules/gopd
241 silly ADD node_modules/get-proto
242 silly ADD node_modules/es-object-atoms
243 silly ADD node_modules/es-define-property
244 silly ADD node_modules/call-bind-apply-helpers
245 silly ADD node_modules/has-tostringtag
246 silly ADD node_modules/get-intrinsic
247 silly ADD node_modules/es-errors
248 silly ADD node_modules/delayed-stream
249 silly ADD node_modules/es-set-tostringtag
250 silly ADD node_modules/combined-stream
251 silly ADD node_modules/asynckit
252 silly ADD node_modules/proxy-from-env
253 silly ADD node_modules/form-data
254 silly ADD node_modules/follow-redirects
255 silly ADD node_modules/zustand
256 silly ADD node_modules/react-i18next
257 silly ADD node_modules/i18next
258 silly ADD node_modules/axios
259 verbose cwd /Users/leonard/workspace/workspace_move/reading-app-rn
260 verbose os Darwin 24.6.0
261 verbose node v24.14.0
262 verbose npm  v11.12.1
263 verbose exit 0
264 info ok
